<?xml version="1.0" encoding="UTF-8"?>
<!-- Generated by org.testng.reporters.JUnitReportReporter -->
<testsuite hostname="DESKTOP-TCBCG20" failures="0" tests="1" name="TestNGweek7assig4.TestNGclass" time="0.011" errors="0" timestamp="2021-08-31T21:03:04 IST" skipped="0">
  <testcase classname="TestNGweek7assig4.TestNGclass" name="f" time="0.011"/>
  <system-out/>
</testsuite> <!-- TestNGweek7assig4.TestNGclass -->
